This is pdfTeX, Version 3.14159265-2.6-1.40.18 (MiKTeX 2.9.6600) (preloaded format=pdflatex 2018.5.3)  28 AUG 2018 10:48
entering extended mode
**"E:/Google Drive/myPhd/TheseDoc/src/00_Document.tex"
("E:/Google Drive/myPhd/TheseDoc/src/00_Document.tex"
LaTeX2e <2017-04-15>
Babel <3.18> and hyphenation patterns for 1 language(s) loaded.
(D:\apps\latex01\texmfs\install\tex\latex\base\report.cls
Document Class: report 2014/09/29 v1.4h Standard LaTeX document class
(D:\apps\latex01\texmfs\install\tex\latex\base\size12.clo
File: size12.clo 2014/09/29 v1.4h Standard LaTeX file (size option)
)
\c@part=\count79
\c@chapter=\count80
\c@section=\count81
\c@subsection=\count82
\c@subsubsection=\count83
\c@paragraph=\count84
\c@subparagraph=\count85
\c@figure=\count86
\c@table=\count87
\abovecaptionskip=\skip41
\belowcaptionskip=\skip42
\bibindent=\dimen102
)
(D:\apps\latex01\texmfs\install\tex\latex\base\inputenc.sty
Package: inputenc 2015/03/17 v1.2c Input encoding file
\inpenc@prehook=\toks14
\inpenc@posthook=\toks15

(D:\apps\latex01\texmfs\install\tex\latex\base\utf8.def
File: utf8.def 2017/01/28 v1.1t UTF-8 support for inputenc
Now handling font encoding OML ...
... no UTF-8 mapping file for font encoding OML
Now handling font encoding T1 ...
... processing UTF-8 mapping file for font encoding T1

(D:\apps\latex01\texmfs\install\tex\latex\base\t1enc.dfu
File: t1enc.dfu 2017/01/28 v1.1t UTF-8 support for inputenc
   defining Unicode char U+00A0 (decimal 160)
   defining Unicode char U+00A1 (decimal 161)
   defining Unicode char U+00A3 (decimal 163)
   defining Unicode char U+00AB (decimal 171)
   defining Unicode char U+00AD (decimal 173)
   defining Unicode char U+00BB (decimal 187)
   defining Unicode char U+00BF (decimal 191)
   defining Unicode char U+00C0 (decimal 192)
   defining Unicode char U+00C1 (decimal 193)
   defining Unicode char U+00C2 (decimal 194)
   defining Unicode char U+00C3 (decimal 195)
   defining Unicode char U+00C4 (decimal 196)
   defining Unicode char U+00C5 (decimal 197)
   defining Unicode char U+00C6 (decimal 198)
   defining Unicode char U+00C7 (decimal 199)
   defining Unicode char U+00C8 (decimal 200)
   defining Unicode char U+00C9 (decimal 201)
   defining Unicode char U+00CA (decimal 202)
   defining Unicode char U+00CB (decimal 203)
   defining Unicode char U+00CC (decimal 204)
   defining Unicode char U+00CD (decimal 205)
   defining Unicode char U+00CE (decimal 206)
   defining Unicode char U+00CF (decimal 207)
   defining Unicode char U+00D0 (decimal 208)
   defining Unicode char U+00D1 (decimal 209)
   defining Unicode char U+00D2 (decimal 210)
   defining Unicode char U+00D3 (decimal 211)
   defining Unicode char U+00D4 (decimal 212)
   defining Unicode char U+00D5 (decimal 213)
   defining Unicode char U+00D6 (decimal 214)
   defining Unicode char U+00D8 (decimal 216)
   defining Unicode char U+00D9 (decimal 217)
   defining Unicode char U+00DA (decimal 218)
   defining Unicode char U+00DB (decimal 219)
   defining Unicode char U+00DC (decimal 220)
   defining Unicode char U+00DD (decimal 221)
   defining Unicode char U+00DE (decimal 222)
   defining Unicode char U+00DF (decimal 223)
   defining Unicode char U+00E0 (decimal 224)
   defining Unicode char U+00E1 (decimal 225)
   defining Unicode char U+00E2 (decimal 226)
   defining Unicode char U+00E3 (decimal 227)
   defining Unicode char U+00E4 (decimal 228)
   defining Unicode char U+00E5 (decimal 229)
   defining Unicode char U+00E6 (decimal 230)
   defining Unicode char U+00E7 (decimal 231)
   defining Unicode char U+00E8 (decimal 232)
   defining Unicode char U+00E9 (decimal 233)
   defining Unicode char U+00EA (decimal 234)
   defining Unicode char U+00EB (decimal 235)
   defining Unicode char U+00EC (decimal 236)
   defining Unicode char U+00ED (decimal 237)
   defining Unicode char U+00EE (decimal 238)
   defining Unicode char U+00EF (decimal 239)
   defining Unicode char U+00F0 (decimal 240)
   defining Unicode char U+00F1 (decimal 241)
   defining Unicode char U+00F2 (decimal 242)
   defining Unicode char U+00F3 (decimal 243)
   defining Unicode char U+00F4 (decimal 244)
   defining Unicode char U+00F5 (decimal 245)
   defining Unicode char U+00F6 (decimal 246)
   defining Unicode char U+00F8 (decimal 248)
   defining Unicode char U+00F9 (decimal 249)
   defining Unicode char U+00FA (decimal 250)
   defining Unicode char U+00FB (decimal 251)
   defining Unicode char U+00FC (decimal 252)
   defining Unicode char U+00FD (decimal 253)
   defining Unicode char U+00FE (decimal 254)
   defining Unicode char U+00FF (decimal 255)
   defining Unicode char U+0100 (decimal 256)
   defining Unicode char U+0101 (decimal 257)
   defining Unicode char U+0102 (decimal 258)
   defining Unicode char U+0103 (decimal 259)
   defining Unicode char U+0104 (decimal 260)
   defining Unicode char U+0105 (decimal 261)
   defining Unicode char U+0106 (decimal 262)
   defining Unicode char U+0107 (decimal 263)
   defining Unicode char U+0108 (decimal 264)
   defining Unicode char U+0109 (decimal 265)
   defining Unicode char U+010A (decimal 266)
   defining Unicode char U+010B (decimal 267)
   defining Unicode char U+010C (decimal 268)
   defining Unicode char U+010D (decimal 269)
   defining Unicode char U+010E (decimal 270)
   defining Unicode char U+010F (decimal 271)
   defining Unicode char U+0110 (decimal 272)
   defining Unicode char U+0111 (decimal 273)
   defining Unicode char U+0112 (decimal 274)
   defining Unicode char U+0113 (decimal 275)
   defining Unicode char U+0114 (decimal 276)
   defining Unicode char U+0115 (decimal 277)
   defining Unicode char U+0116 (decimal 278)
   defining Unicode char U+0117 (decimal 279)
   defining Unicode char U+0118 (decimal 280)
   defining Unicode char U+0119 (decimal 281)
   defining Unicode char U+011A (decimal 282)
   defining Unicode char U+011B (decimal 283)
   defining Unicode char U+011C (decimal 284)
   defining Unicode char U+011D (decimal 285)
   defining Unicode char U+011E (decimal 286)
   defining Unicode char U+011F (decimal 287)
   defining Unicode char U+0120 (decimal 288)
   defining Unicode char U+0121 (decimal 289)
   defining Unicode char U+0122 (decimal 290)
   defining Unicode char U+0123 (decimal 291)
   defining Unicode char U+0124 (decimal 292)
   defining Unicode char U+0125 (decimal 293)
   defining Unicode char U+0128 (decimal 296)
   defining Unicode char U+0129 (decimal 297)
   defining Unicode char U+012A (decimal 298)
   defining Unicode char U+012B (decimal 299)
   defining Unicode char U+012C (decimal 300)
   defining Unicode char U+012D (decimal 301)
   defining Unicode char U+012E (decimal 302)
   defining Unicode char U+012F (decimal 303)
   defining Unicode char U+0130 (decimal 304)
   defining Unicode char U+0131 (decimal 305)
   defining Unicode char U+0132 (decimal 306)
   defining Unicode char U+0133 (decimal 307)
   defining Unicode char U+0134 (decimal 308)
   defining Unicode char U+0135 (decimal 309)
   defining Unicode char U+0136 (decimal 310)
   defining Unicode char U+0137 (decimal 311)
   defining Unicode char U+0139 (decimal 313)
   defining Unicode char U+013A (decimal 314)
   defining Unicode char U+013B (decimal 315)
   defining Unicode char U+013C (decimal 316)
   defining Unicode char U+013D (decimal 317)
   defining Unicode char U+013E (decimal 318)
   defining Unicode char U+0141 (decimal 321)
   defining Unicode char U+0142 (decimal 322)
   defining Unicode char U+0143 (decimal 323)
   defining Unicode char U+0144 (decimal 324)
   defining Unicode char U+0145 (decimal 325)
   defining Unicode char U+0146 (decimal 326)
   defining Unicode char U+0147 (decimal 327)
   defining Unicode char U+0148 (decimal 328)
   defining Unicode char U+014A (decimal 330)
   defining Unicode char U+014B (decimal 331)
   defining Unicode char U+014C (decimal 332)
   defining Unicode char U+014D (decimal 333)
   defining Unicode char U+014E (decimal 334)
   defining Unicode char U+014F (decimal 335)
   defining Unicode char U+0150 (decimal 336)
   defining Unicode char U+0151 (decimal 337)
   defining Unicode char U+0152 (decimal 338)
   defining Unicode char U+0153 (decimal 339)
   defining Unicode char U+0154 (decimal 340)
   defining Unicode char U+0155 (decimal 341)
   defining Unicode char U+0156 (decimal 342)
   defining Unicode char U+0157 (decimal 343)
   defining Unicode char U+0158 (decimal 344)
   defining Unicode char U+0159 (decimal 345)
   defining Unicode char U+015A (decimal 346)
   defining Unicode char U+015B (decimal 347)
   defining Unicode char U+015C (decimal 348)
   defining Unicode char U+015D (decimal 349)
   defining Unicode char U+015E (decimal 350)
   defining Unicode char U+015F (decimal 351)
   defining Unicode char U+0160 (decimal 352)
   defining Unicode char U+0161 (decimal 353)
   defining Unicode char U+0162 (decimal 354)
   defining Unicode char U+0163 (decimal 355)
   defining Unicode char U+0164 (decimal 356)
   defining Unicode char U+0165 (decimal 357)
   defining Unicode char U+0168 (decimal 360)
   defining Unicode char U+0169 (decimal 361)
   defining Unicode char U+016A (decimal 362)
   defining Unicode char U+016B (decimal 363)
   defining Unicode char U+016C (decimal 364)
   defining Unicode char U+016D (decimal 365)
   defining Unicode char U+016E (decimal 366)
   defining Unicode char U+016F (decimal 367)
   defining Unicode char U+0170 (decimal 368)
   defining Unicode char U+0171 (decimal 369)
   defining Unicode char U+0172 (decimal 370)
   defining Unicode char U+0173 (decimal 371)
   defining Unicode char U+0174 (decimal 372)
   defining Unicode char U+0175 (decimal 373)
   defining Unicode char U+0176 (decimal 374)
   defining Unicode char U+0177 (decimal 375)
   defining Unicode char U+0178 (decimal 376)
   defining Unicode char U+0179 (decimal 377)
   defining Unicode char U+017A (decimal 378)
   defining Unicode char U+017B (decimal 379)
   defining Unicode char U+017C (decimal 380)
   defining Unicode char U+017D (decimal 381)
   defining Unicode char U+017E (decimal 382)
   defining Unicode char U+01CD (decimal 461)
   defining Unicode char U+01CE (decimal 462)
   defining Unicode char U+01CF (decimal 463)
   defining Unicode char U+01D0 (decimal 464)
   defining Unicode char U+01D1 (decimal 465)
   defining Unicode char U+01D2 (decimal 466)
   defining Unicode char U+01D3 (decimal 467)
   defining Unicode char U+01D4 (decimal 468)
   defining Unicode char U+01E2 (decimal 482)
   defining Unicode char U+01E3 (decimal 483)
   defining Unicode char U+01E6 (decimal 486)
   defining Unicode char U+01E7 (decimal 487)
   defining Unicode char U+01E8 (decimal 488)
   defining Unicode char U+01E9 (decimal 489)
   defining Unicode char U+01EA (decimal 490)
   defining Unicode char U+01EB (decimal 491)
   defining Unicode char U+01F0 (decimal 496)
   defining Unicode char U+01F4 (decimal 500)
   defining Unicode char U+01F5 (decimal 501)
   defining Unicode char U+0218 (decimal 536)
   defining Unicode char U+0219 (decimal 537)
   defining Unicode char U+021A (decimal 538)
   defining Unicode char U+021B (decimal 539)
   defining Unicode char U+0232 (decimal 562)
   defining Unicode char U+0233 (decimal 563)
   defining Unicode char U+1E02 (decimal 7682)
   defining Unicode char U+1E03 (decimal 7683)
   defining Unicode char U+200C (decimal 8204)
   defining Unicode char U+2010 (decimal 8208)
   defining Unicode char U+2011 (decimal 8209)
   defining Unicode char U+2012 (decimal 8210)
   defining Unicode char U+2013 (decimal 8211)
   defining Unicode char U+2014 (decimal 8212)
   defining Unicode char U+2015 (decimal 8213)
   defining Unicode char U+2018 (decimal 8216)
   defining Unicode char U+2019 (decimal 8217)
   defining Unicode char U+201A (decimal 8218)
   defining Unicode char U+201C (decimal 8220)
   defining Unicode char U+201D (decimal 8221)
   defining Unicode char U+201E (decimal 8222)
   defining Unicode char U+2030 (decimal 8240)
   defining Unicode char U+2031 (decimal 8241)
   defining Unicode char U+2039 (decimal 8249)
   defining Unicode char U+203A (decimal 8250)
   defining Unicode char U+2423 (decimal 9251)
   defining Unicode char U+1E20 (decimal 7712)
   defining Unicode char U+1E21 (decimal 7713)
)
Now handling font encoding OT1 ...
... processing UTF-8 mapping file for font encoding OT1

(D:\apps\latex01\texmfs\install\tex\latex\base\ot1enc.dfu
File: ot1enc.dfu 2017/01/28 v1.1t UTF-8 support for inputenc
   defining Unicode char U+00A0 (decimal 160)
   defining Unicode char U+00A1 (decimal 161)
   defining Unicode char U+00A3 (decimal 163)
   defining Unicode char U+00AD (decimal 173)
   defining Unicode char U+00B8 (decimal 184)
   defining Unicode char U+00BF (decimal 191)
   defining Unicode char U+00C5 (decimal 197)
   defining Unicode char U+00C6 (decimal 198)
   defining Unicode char U+00D8 (decimal 216)
   defining Unicode char U+00DF (decimal 223)
   defining Unicode char U+00E6 (decimal 230)
   defining Unicode char U+00EC (decimal 236)
   defining Unicode char U+00ED (decimal 237)
   defining Unicode char U+00EE (decimal 238)
   defining Unicode char U+00EF (decimal 239)
   defining Unicode char U+00F8 (decimal 248)
   defining Unicode char U+0131 (decimal 305)
   defining Unicode char U+0141 (decimal 321)
   defining Unicode char U+0142 (decimal 322)
   defining Unicode char U+0152 (decimal 338)
   defining Unicode char U+0153 (decimal 339)
   defining Unicode char U+0174 (decimal 372)
   defining Unicode char U+0175 (decimal 373)
   defining Unicode char U+0176 (decimal 374)
   defining Unicode char U+0177 (decimal 375)
   defining Unicode char U+0218 (decimal 536)
   defining Unicode char U+0219 (decimal 537)
   defining Unicode char U+021A (decimal 538)
   defining Unicode char U+021B (decimal 539)
   defining Unicode char U+2013 (decimal 8211)
   defining Unicode char U+2014 (decimal 8212)
   defining Unicode char U+2018 (decimal 8216)
   defining Unicode char U+2019 (decimal 8217)
   defining Unicode char U+201C (decimal 8220)
   defining Unicode char U+201D (decimal 8221)
)
Now handling font encoding OMS ...
... processing UTF-8 mapping file for font encoding OMS

(D:\apps\latex01\texmfs\install\tex\latex\base\omsenc.dfu
File: omsenc.dfu 2017/01/28 v1.1t UTF-8 support for inputenc
   defining Unicode char U+00A7 (decimal 167)
   defining Unicode char U+00B6 (decimal 182)
   defining Unicode char U+00B7 (decimal 183)
   defining Unicode char U+2020 (decimal 8224)
   defining Unicode char U+2021 (decimal 8225)
   defining Unicode char U+2022 (decimal 8226)
)
Now handling font encoding OMX ...
... no UTF-8 mapping file for font encoding OMX
Now handling font encoding U ...
... no UTF-8 mapping file for font encoding U
   defining Unicode char U+00A9 (decimal 169)
   defining Unicode char U+00AA (decimal 170)
   defining Unicode char U+00AE (decimal 174)
   defining Unicode char U+00BA (decimal 186)
   defining Unicode char U+02C6 (decimal 710)
   defining Unicode char U+02DC (decimal 732)
   defining Unicode char U+200C (decimal 8204)
   defining Unicode char U+2026 (decimal 8230)
   defining Unicode char U+2122 (decimal 8482)
   defining Unicode char U+2423 (decimal 9251)
))
(D:\apps\latex01\texmfs\install\tex\generic\babel\babel.sty
Package: babel 2018/02/14 3.18 The Babel package

(D:\apps\latex01\texmfs\install\tex\generic\babel\switch.def
File: switch.def 2018/02/14 3.18 Babel switching mechanism
)
*************************************
* Local config file bblopts.cfg used
*
(D:\apps\latex01\texmfs\install\tex\latex\arabi\bblopts.cfg
File: bblopts.cfg 2005/09/08 v0.1 add Arabic and Farsi to "declared" options of
 babel
)
(D:\apps\latex01\texmfs\install\tex\latex\arabi\arabic.ldf
File: arabic.ldf 
Language: arabic 2006/01/01 v0.1 Arabic support for the babel system

(D:\apps\latex01\texmfs\install\tex\generic\babel\babel.def
File: babel.def 2018/02/14 3.18 Babel common definitions
\babel@savecnt=\count88
\U@D=\dimen103

(D:\apps\latex01\texmfs\install\tex\generic\babel\txtbabel.def)
\bbl@dirlevel=\count89
)

Package babel Warning: No hyphenation patterns were preloaded for
(babel)                the language `Arabic' into the format.
(babel)                Please, configure your TeX system to add them and
(babel)                rebuild the format. Now I will use the patterns
(babel)                preloaded for \language=0 instead on input line 35.

\l@arabic = a dialect from \language0
Loading the definitions for the LaTeX{} Arabic encoding
(D:\apps\latex01\texmfs\install\tex\latex\arabi\laeenc.def
File: laeenc.def 2006/01/01 v0.1 Local Arabic font encoding (test version: may 
change)
Now handling font encoding LAE ...
... processing UTF-8 mapping file for font encoding LAE

(D:\apps\latex01\texmfs\install\tex\latex\arabi\laeenc.dfu
File: laeenc.dfu 2006/01/01 v1.0 UTF-8 support for Arabic and Farsi for use wit
h inputenc
   defining Unicode char U+066A (decimal 1642)
   defining Unicode char U+060C (decimal 1548)
   defining Unicode char U+0660 (decimal 1632)
   defining Unicode char U+0661 (decimal 1633)
   defining Unicode char U+0662 (decimal 1634)
   defining Unicode char U+0663 (decimal 1635)
   defining Unicode char U+0664 (decimal 1636)
   defining Unicode char U+0665 (decimal 1637)
   defining Unicode char U+0666 (decimal 1638)
   defining Unicode char U+0667 (decimal 1639)
   defining Unicode char U+0668 (decimal 1640)
   defining Unicode char U+0669 (decimal 1641)
   defining Unicode char U+061B (decimal 1563)
   defining Unicode char U+061F (decimal 1567)
   defining Unicode char U+0621 (decimal 1569)
   defining Unicode char U+0622 (decimal 1570)
   defining Unicode char U+0623 (decimal 1571)
   defining Unicode char U+0624 (decimal 1572)
   defining Unicode char U+0625 (decimal 1573)
   defining Unicode char U+0626 (decimal 1574)
   defining Unicode char U+0627 (decimal 1575)
   defining Unicode char U+0628 (decimal 1576)
   defining Unicode char U+0629 (decimal 1577)
   defining Unicode char U+062A (decimal 1578)
   defining Unicode char U+062B (decimal 1579)
   defining Unicode char U+062C (decimal 1580)
   defining Unicode char U+062D (decimal 1581)
   defining Unicode char U+062E (decimal 1582)
   defining Unicode char U+062F (decimal 1583)
   defining Unicode char U+0630 (decimal 1584)
   defining Unicode char U+0631 (decimal 1585)
   defining Unicode char U+0632 (decimal 1586)
   defining Unicode char U+0633 (decimal 1587)
   defining Unicode char U+0634 (decimal 1588)
   defining Unicode char U+0635 (decimal 1589)
   defining Unicode char U+0636 (decimal 1590)
   defining Unicode char U+0637 (decimal 1591)
   defining Unicode char U+0638 (decimal 1592)
   defining Unicode char U+0639 (decimal 1593)
   defining Unicode char U+063A (decimal 1594)
   defining Unicode char U+0640 (decimal 1600)
   defining Unicode char U+0641 (decimal 1601)
   defining Unicode char U+0642 (decimal 1602)
   defining Unicode char U+0643 (decimal 1603)
   defining Unicode char U+0644 (decimal 1604)
   defining Unicode char U+0645 (decimal 1605)
   defining Unicode char U+0646 (decimal 1606)
   defining Unicode char U+0647 (decimal 1607)
   defining Unicode char U+0648 (decimal 1608)
   defining Unicode char U+0649 (decimal 1609)
   defining Unicode char U+064A (decimal 1610)
   defining Unicode char U+064B (decimal 1611)
   defining Unicode char U+064C (decimal 1612)
   defining Unicode char U+064D (decimal 1613)
   defining Unicode char U+064E (decimal 1614)
   defining Unicode char U+064F (decimal 1615)
   defining Unicode char U+0650 (decimal 1616)
   defining Unicode char U+0651 (decimal 1617)
   defining Unicode char U+0652 (decimal 1618)
   defining Unicode char U+067E (decimal 1662)
   defining Unicode char U+0686 (decimal 1670)
   defining Unicode char U+0698 (decimal 1688)
   defining Unicode char U+06A9 (decimal 1705)
   defining Unicode char U+06AF (decimal 1711)
   defining Unicode char U+06CC (decimal 1740)
   defining Unicode char U+06F0 (decimal 1776)
   defining Unicode char U+06F1 (decimal 1777)
   defining Unicode char U+06F2 (decimal 1778)
   defining Unicode char U+06F3 (decimal 1779)
   defining Unicode char U+06F4 (decimal 1780)
   defining Unicode char U+06F5 (decimal 1781)
   defining Unicode char U+06F6 (decimal 1782)
   defining Unicode char U+06F7 (decimal 1783)
   defining Unicode char U+06F8 (decimal 1784)
   defining Unicode char U+06F9 (decimal 1785)
   defining Unicode char U+200C (decimal 8204)
   defining Unicode char U+06D5 (decimal 1749)
))
Loading the Common definitions for Arabic and Farsi
(D:\apps\latex01\texmfs\install\tex\latex\arabi\arabicore.sty
  Arabi Core switching commands v1.0  2006/01/01   (may still change)  
\n@everypar=\toks16
\@Arabitempboxa=\box26
\llahheight=\skip43
\Decimalheight=\skip44
)
LaTeX Font Info:    Redeclaring font encoding LAE on input line 144.

Loading the Arabi fonts definitions for Arabic
(D:\apps\latex01\texmfs\install\tex\latex\arabi\arabicfnt.sty
  Arabic font switching commands v1.0  2006/01/01   (may still change)  
LaTeX Info: Redefining \times on input line 102.
LaTeX Info: Redefining \omega on input line 137.
)
Loading the Common definitions for Arabic and Farsi
(D:\apps\latex01\texmfs\install\tex\latex\arabi\arabnovowel.sty
File: arabnovowel.sty 2005/09/07 v0.1 Arabic dummy vowel slots when needed
\ArabiStruthightOFF=\skip45
\ArabiStrutdepthOFF=\skip46
\ArabiStruthightON=\skip47
\ArabiStrutdepthON=\skip48
LaTeX Font Info:    Try loading font information for LAE+cmr on input line 133.


(D:\apps\latex01\texmfs\install\tex\latex\arabi\laecmr.fd
File: laecmr.fd 2006/01/01 v0.1 LaTeX Arabic default font description (test ver
sion: may change)
)
LaTeX Font Info:    Font shape `LAE/cmr/m/n' will be
(Font)              scaled to size 12.5pt on input line 133.
)
*************************************
* Local config file arabic.cfg used
*
(D:\apps\latex01\texmfs\install\tex\latex\arabi\arabic.cfg))
(D:\apps\latex01\texmfs\install\tex\latex\babel-english\english.ldf
Language: english 2017/06/06 v3.3r English support from the babel system
\l@british = a dialect from \language\l@english 
\l@UKenglish = a dialect from \language\l@english 
\l@american = a dialect from \language\l@english 
\l@canadian = a dialect from \language\l@american 
\l@australian = a dialect from \language\l@british 
\l@newzealand = a dialect from \language\l@british 
)
(D:\apps\latex01\texmfs\install\tex\generic\babel-french\french.ldf
Language: french 2018/02/04 v3.4b French support from the babel system
\l@french = a dialect from \language\l@nohyphenation 


Package babel Warning: No hyphenation patterns were preloaded for
(babel)                the language `French' into the format.
(babel)                Please, configure your TeX system to add them and
(babel)                rebuild the format. Now I will use the patterns
(babel)                preloaded for \language=nohyphenation instead on input l
ine 87.

\l@acadian = a dialect from \language\l@french 
\FB@nonchar=\count90
Package babel Info: Making : an active character on input line 411.
Package babel Info: Making ; an active character on input line 412.
Package babel Info: Making ! an active character on input line 413.
Package babel Info: Making ? an active character on input line 414.
\FBguill@level=\count91
\FB@everypar=\toks17
\FB@Mht=\dimen104
\mc@charclass=\count92
\mc@charfam=\count93
\mc@charslot=\count94
\std@mcc=\count95
\dec@mcc=\count96
\c@FBcaption@count=\count97
\listindentFB=\skip49
\descindentFB=\skip50
\labelwidthFB=\skip51
\leftmarginFB=\skip52
\parindentFFN=\dimen105
\FBfnindent=\skip53
)) (D:\apps\latex01\texmfs\install\tex\latex\carlisle\scalefnt.sty)
(D:\apps\latex01\texmfs\install\tex\latex\graphics\keyval.sty
Package: keyval 2014/10/28 v1.15 key=value parser (DPC)
\KV@toks@=\toks18
)
(D:\apps\latex01\texmfs\install\tex\latex\arabtex\arabtex.sty
(D:\apps\latex01\texmfs\install\tex\latex\arabtex\aconfig.sty
LaTeX2e detected 
BABEL detected
\a@moduledate=\count98
\a@maindate=\count99
)
(D:\apps\latex01\texmfs\install\tex\latex\arabtex\arabaux.sty)
(D:\apps\latex01\texmfs\install\tex\latex\arabtex\acmd.sty)
(D:\apps\latex01\texmfs\install\tex\latex\arabtex\afonts.sty
(D:\apps\latex01\texmfs\install\tex\latex\arabtex\afonts2.sty))
(D:\apps\latex01\texmfs\install\tex\latex\arabtex\ascan.sty
(ArabTeX) scanner for code `arabtex' installed.
(ArabTeX) input encoding set to ArabTeX standard conventions.)
(D:\apps\latex01\texmfs\install\tex\latex\arabtex\aparse.sty)
(D:\apps\latex01\texmfs\install\tex\latex\arabtex\awrite.sty
(D:\apps\latex01\texmfs\install\tex\latex\arabtex\xarbsymb.sty)
(D:\apps\latex01\texmfs\install\tex\latex\arabtex\arabskel.sty)
(D:\apps\latex01\texmfs\install\tex\latex\arabtex\xarbskel.sty)
(D:\apps\latex01\texmfs\install\tex\latex\arabtex\aboxes.sty)
(D:\apps\latex01\texmfs\install\tex\latex\arabtex\arabtoks.sty)
(D:\apps\latex01\texmfs\install\tex\latex\arabtex\arabchrs.sty))
(D:\apps\latex01\texmfs\install\tex\latex\arabtex\aligs.sty)
(D:\apps\latex01\texmfs\install\tex\latex\arabtex\aoutput.sty)
(D:\apps\latex01\texmfs\install\tex\latex\arabtex\abidir.sty)
(D:\apps\latex01\texmfs\install\tex\latex\arabtex\atrans.sty
(ArabTeX) ZDMG transliteration.)
(D:\apps\latex01\texmfs\install\tex\latex\arabtex\alatex.sty
(D:\apps\latex01\texmfs\install\tex\latex\arabtex\afoot.sty))
(D:\apps\latex01\texmfs\install\tex\latex\arabtex\abjad.sty)
(D:\apps\latex01\texmfs\install\tex\latex\arabtex\apatch.sty
(D:\apps\latex01\texmfs\install\tex\latex\arabtex\alists.sty)
(D:\apps\latex01\texmfs\install\tex\latex\arabtex\asect.sty)
(D:\apps\latex01\texmfs\install\tex\latex\arabtex\atabg.sty)
(D:\apps\latex01\texmfs\install\tex\latex\arabtex\alocal.sty
(ArabTeX) 3.11 local stub, 26.02.2006))
Arabic processor `ArabTeX' [20060702 patch level 3.11s (02.07.2006)]
(ArabTeX) ... now be patient ... )
(D:\apps\latex01\texmfs\install\tex\latex\base\fontenc.sty
Package: fontenc 2017/04/05 v2.0i Standard LaTeX package

(D:\apps\latex01\texmfs\install\tex\latex\base\t1enc.def
File: t1enc.def 2017/04/05 v2.0i Standard LaTeX file
LaTeX Font Info:    Redeclaring font encoding T1 on input line 48.
))
(D:\apps\latex01\texmfs\install\tex\latex\ms\ragged2e.sty
Package: ragged2e 2009/05/21 v2.1 ragged2e Package (MS)

(D:\apps\latex01\texmfs\install\tex\latex\ms\everysel.sty
Package: everysel 2011/10/28 v1.2 EverySelectfont Package (MS)
)
\CenteringLeftskip=\skip56
\RaggedLeftLeftskip=\skip57
\RaggedRightLeftskip=\skip58
\CenteringRightskip=\skip59
\RaggedLeftRightskip=\skip60
\RaggedRightRightskip=\skip61
\CenteringParfillskip=\skip62
\RaggedLeftParfillskip=\skip63
\RaggedRightParfillskip=\skip64
\JustifyingParfillskip=\skip65
\CenteringParindent=\skip66
\RaggedLeftParindent=\skip67
\RaggedRightParindent=\skip68
\JustifyingParindent=\skip69
)
(D:\apps\latex01\texmfs\install\tex\latex\threeparttable\threeparttable.sty
Package: threeparttable 2003/06/13  v 3.0
\@tempboxb=\box42
)
(D:\apps\latex01\texmfs\install\tex\latex\booktabs\booktabs.sty
Package: booktabs 2005/04/14 v1.61803 publication quality tables
\heavyrulewidth=\dimen128
\lightrulewidth=\dimen129
\cmidrulewidth=\dimen130
\belowrulesep=\dimen131
\belowbottomsep=\dimen132
\aboverulesep=\dimen133
\abovetopsep=\dimen134
\cmidrulesep=\dimen135
\cmidrulekern=\dimen136
\defaultaddspace=\dimen137
\@cmidla=\count129
\@cmidlb=\count130
\@aboverulesep=\dimen138
\@belowrulesep=\dimen139
\@thisruleclass=\count131
\@lastruleclass=\count132
\@thisrulewidth=\dimen140
)
(D:\apps\latex01\texmfs\install\tex\latex\multirow\multirow.sty
Package: multirow 2016/11/25 v2.2 Span multiple rows of a table
\multirow@colwidth=\skip70
\multirow@cntb=\count133
\multirow@dima=\skip71
\bigstrutjot=\dimen141
)
(D:\apps\latex01\texmfs\install\tex\latex\graphics\lscape.sty
Package: lscape 2000/10/22 v3.01 Landscape Pages (DPC)

(D:\apps\latex01\texmfs\install\tex\latex\graphics\graphics.sty
Package: graphics 2017/06/25 v1.2c Standard LaTeX Graphics (DPC,SPQR)

(D:\apps\latex01\texmfs\install\tex\latex\graphics\trig.sty
Package: trig 2016/01/03 v1.10 sin cos tan (DPC)
)
(D:\apps\latex01\texmfs\install\tex\latex\graphics-cfg\graphics.cfg
File: graphics.cfg 2016/06/04 v1.11 sample graphics configuration
)
Package graphics Info: Driver file: pdftex.def on input line 99.

(D:\apps\latex01\texmfs\install\tex\latex\graphics-def\pdftex.def
File: pdftex.def 2018/01/08 v1.0l Graphics/color driver for pdftex
)))
(D:\apps\latex01\texmfs\install\tex\latex\geometry\geometry.sty
Package: geometry 2010/09/12 v5.6 Page Geometry

(D:\apps\latex01\texmfs\install\tex\generic\oberdiek\ifpdf.sty
Package: ifpdf 2017/03/15 v3.2 Provides the ifpdf switch
)
(D:\apps\latex01\texmfs\install\tex\generic\oberdiek\ifvtex.sty
Package: ifvtex 2016/05/16 v1.6 Detect VTeX and its facilities (HO)
Package ifvtex Info: VTeX not detected.
)
(D:\apps\latex01\texmfs\install\tex\generic\ifxetex\ifxetex.sty
Package: ifxetex 2010/09/12 v0.6 Provides ifxetex conditional
)
\Gm@cnth=\count134
\Gm@cntv=\count135
\c@Gm@tempcnt=\count136
\Gm@bindingoffset=\dimen142
\Gm@wd@mp=\dimen143
\Gm@odd@mp=\dimen144
\Gm@even@mp=\dimen145
\Gm@layoutwidth=\dimen146
\Gm@layoutheight=\dimen147
\Gm@layouthoffset=\dimen148
\Gm@layoutvoffset=\dimen149
\Gm@dimlist=\toks39

(D:\apps\latex01\texmfs\install\tex\latex\geometry\geometry.cfg))
(D:\apps\latex01\texmfs\install\tex\latex\biblatex\biblatex.sty
Package: biblatex 2018/03/04 v3.11 programmable bibliographies (PK/MW)

(D:\apps\latex01\texmfs\install\tex\generic\oberdiek\pdftexcmds.sty
Package: pdftexcmds 2018/01/21 v0.26 Utility functions of pdfTeX for LuaTeX (HO
)

(D:\apps\latex01\texmfs\install\tex\generic\oberdiek\infwarerr.sty
Package: infwarerr 2016/05/16 v1.4 Providing info/warning/error messages (HO)
)
(D:\apps\latex01\texmfs\install\tex\generic\oberdiek\ifluatex.sty
Package: ifluatex 2016/05/16 v1.4 Provides the ifluatex switch (HO)
Package ifluatex Info: LuaTeX not detected.
)
(D:\apps\latex01\texmfs\install\tex\generic\oberdiek\ltxcmds.sty
Package: ltxcmds 2016/05/16 v1.23 LaTeX kernel commands for general use (HO)
)
Package pdftexcmds Info: LuaTeX not detected.
Package pdftexcmds Info: \pdf@primitive is available.
Package pdftexcmds Info: \pdf@ifprimitive is available.
Package pdftexcmds Info: \pdfdraftmode found.
)
(D:\apps\latex01\texmfs\install\tex\latex\etoolbox\etoolbox.sty
Package: etoolbox 2018/02/11 v2.5e e-TeX tools for LaTeX (JAW)
\etb@tempcnta=\count137


Package etoolbox Warning: Patching '\end' failed!
(etoolbox)                '\AfterEndEnvironment' will not work.

) (D:\apps\latex01\texmfs\install\tex\latex\oberdiek\kvoptions.sty
Package: kvoptions 2016/05/16 v3.12 Key value format for package options (HO)

(D:\apps\latex01\texmfs\install\tex\generic\oberdiek\kvsetkeys.sty
Package: kvsetkeys 2016/05/16 v1.17 Key value parser (HO)

(D:\apps\latex01\texmfs\install\tex\generic\oberdiek\etexcmds.sty
Package: etexcmds 2016/05/16 v1.6 Avoid name clashes with e-TeX commands (HO)
Package etexcmds Info: Could not find \expanded.
(etexcmds)             That can mean that you are not using pdfTeX 1.50 or
(etexcmds)             that some package has redefined \expanded.
(etexcmds)             In the latter case, load this package earlier.
)))
(D:\apps\latex01\texmfs\install\tex\latex\logreq\logreq.sty
Package: logreq 2010/08/04 v1.0 xml request logger
\lrq@indent=\count138

(D:\apps\latex01\texmfs\install\tex\latex\logreq\logreq.def
File: logreq.def 2010/08/04 v1.0 logreq spec v1.0
))
(D:\apps\latex01\texmfs\install\tex\latex\base\ifthen.sty
Package: ifthen 2014/09/29 v1.1c Standard LaTeX ifthen package (DPC)
)
(D:\apps\latex01\texmfs\install\tex\latex\url\url.sty
\Urlmuskip=\muskip10
Package: url 2013/09/16  ver 3.4  Verb mode for urls, etc.
)
(D:\apps\latex01\texmfs\install\tex\latex\xstring\xstring.sty
(D:\apps\latex01\texmfs\install\tex\generic\xstring\xstring.tex
\@xs@message=\write5
\integerpart=\count139
\decimalpart=\count140
)
Package: xstring 2013/10/13  v1.7c  String manipulations (C Tellechea)
)
\c@tabx@nest=\count141
\c@listtotal=\count142
\c@listcount=\count143
\c@liststart=\count144
\c@liststop=\count145
\c@citecount=\count146
\c@citetotal=\count147
\c@multicitecount=\count148
\c@multicitetotal=\count149
\c@instcount=\count150
\c@maxnames=\count151
\c@minnames=\count152
\c@maxitems=\count153
\c@minitems=\count154
\c@citecounter=\count155
\c@savedcitecounter=\count156
\c@uniquelist=\count157
\c@uniquename=\count158
\c@refsection=\count159
\c@refsegment=\count160
\c@maxextratitle=\count161
\c@maxextratitleyear=\count162
\c@maxextradate=\count163
\c@maxextraalpha=\count164
\c@abbrvpenalty=\count165
\c@highnamepenalty=\count166
\c@lownamepenalty=\count167
\c@maxparens=\count168
\c@parenlevel=\count169
\blx@tempcnta=\count170
\blx@tempcntb=\count171
\blx@tempcntc=\count172
\blx@maxsection=\count173
\blx@maxsegment@0=\count174
\blx@notetype=\count175
\blx@parenlevel@text=\count176
\blx@parenlevel@foot=\count177
\blx@sectionciteorder@0=\count178
\labelnumberwidth=\skip72
\labelalphawidth=\skip73
\biblabelsep=\skip74
\bibitemsep=\skip75
\bibnamesep=\skip76
\bibinitsep=\skip77
\bibparsep=\skip78
\bibhang=\skip79
\blx@bcfin=\read1
\blx@bcfout=\write6
\c@mincomprange=\count179
\c@maxcomprange=\count180
\c@mincompwidth=\count181
Package biblatex Info: Trying to load biblatex default data model...
Package biblatex Info: ... file 'blx-dm.def' found.

(D:\apps\latex01\texmfs\install\tex\latex\biblatex\blx-dm.def
File: blx-dm.def 2018/03/04 v3.11 biblatex localization (PK/MW)
)
Package biblatex Info: Trying to load biblatex style data model...
Package biblatex Info: ... file 'alphabetic.dbx' not found.
Package biblatex Info: Trying to load biblatex custom data model...
Package biblatex Info: ... file 'biblatex-dm.cfg' not found.
\c@afterword=\count182
\c@savedafterword=\count183
\c@annotator=\count184
\c@savedannotator=\count185
\c@author=\count186
\c@savedauthor=\count187
\c@bookauthor=\count188
\c@savedbookauthor=\count189
\c@commentator=\count190
\c@savedcommentator=\count191
\c@editor=\count192
\c@savededitor=\count193
\c@editora=\count194
\c@savededitora=\count195
\c@editorb=\count196
\c@savededitorb=\count197
\c@editorc=\count198
\c@savededitorc=\count199
\c@foreword=\count266
\c@savedforeword=\count267
\c@holder=\count268
\c@savedholder=\count269
\c@introduction=\count270
\c@savedintroduction=\count271
\c@namea=\count272
\c@savednamea=\count273
\c@nameb=\count274
\c@savednameb=\count275
\c@namec=\count276
\c@savednamec=\count277
\c@translator=\count278
\c@savedtranslator=\count279
\c@shortauthor=\count280
\c@savedshortauthor=\count281
\c@shorteditor=\count282
\c@savedshorteditor=\count283
\c@labelname=\count284
\c@savedlabelname=\count285
\c@institution=\count286
\c@savedinstitution=\count287
\c@lista=\count288
\c@savedlista=\count289
\c@listb=\count290
\c@savedlistb=\count291
\c@listc=\count292
\c@savedlistc=\count293
\c@listd=\count294
\c@savedlistd=\count295
\c@liste=\count296
\c@savedliste=\count297
\c@listf=\count298
\c@savedlistf=\count299
\c@location=\count300
\c@savedlocation=\count301
\c@organization=\count302
\c@savedorganization=\count303
\c@origlocation=\count304
\c@savedoriglocation=\count305
\c@origpublisher=\count306
\c@savedorigpublisher=\count307
\c@publisher=\count308
\c@savedpublisher=\count309
\c@language=\count310
\c@savedlanguage=\count311
\c@origlanguage=\count312
\c@savedoriglanguage=\count313
\c@pageref=\count314
\c@savedpageref=\count315
\shorthandwidth=\skip80
\shortjournalwidth=\skip81
\shortserieswidth=\skip82
\shorttitlewidth=\skip83
\shortauthorwidth=\skip84
\shorteditorwidth=\skip85
\locallabelnumberwidth=\skip86
\locallabelalphawidth=\skip87
\localshorthandwidth=\skip88
\localshortjournalwidth=\skip89
\localshortserieswidth=\skip90
\localshorttitlewidth=\skip91
\localshortauthorwidth=\skip92
\localshorteditorwidth=\skip93
Package biblatex Info: Trying to load compatibility code...
Package biblatex Info: ... file 'blx-compat.def' found.

(D:\apps\latex01\texmfs\install\tex\latex\biblatex\blx-compat.def
File: blx-compat.def 2018/03/04 v3.11 biblatex compatibility (PK/MW)
)
Package biblatex Info: Trying to load BibTeX backend compatibility...
Package biblatex Info: ... file 'blx-bibtex.def' found.

(D:\apps\latex01\texmfs\install\tex\latex\biblatex\blx-bibtex.def
File: blx-bibtex.def 2018/03/04 v3.11 biblatex compatibility (PK/MW)


Package biblatex Warning: Using fall-back BibTeX(8) backend:
(biblatex)                functionality may be reduced/unavailable.

)
Package biblatex Info: Trying to load generic definitions...
Package biblatex Info: ... file 'biblatex.def' found.
 (D:\apps\latex01\texmfs\install\tex\latex\biblatex\biblatex.def
File: biblatex.def 2018/03/04 v3.11 biblatex compatibility (PK/MW)
\c@textcitecount=\count316
\c@textcitetotal=\count317
\c@textcitemaxnames=\count318
\c@biburlnumpenalty=\count319
\c@biburlucpenalty=\count320
\c@biburllcpenalty=\count321
\c@smartand=\count322
)
Package biblatex Info: Trying to load bibliography style 'alphabetic'...
Package biblatex Info: ... file 'alphabetic.bbx' found.

(D:\apps\latex01\texmfs\install\tex\latex\biblatex\bbx\alphabetic.bbx
File: alphabetic.bbx 2018/03/04 v3.11 biblatex bibliography style (PK/MW)
Package biblatex Info: Trying to load bibliography style 'standard'...
Package biblatex Info: ... file 'standard.bbx' found.

(D:\apps\latex01\texmfs\install\tex\latex\biblatex\bbx\standard.bbx
File: standard.bbx 2018/03/04 v3.11 biblatex bibliography style (PK/MW)
\c@bbx:relatedcount=\count323
\c@bbx:relatedtotal=\count324
))
Package biblatex Info: Trying to load citation style 'alphabetic'...
Package biblatex Info: ... file 'alphabetic.cbx' found.

(D:\apps\latex01\texmfs\install\tex\latex\biblatex\cbx\alphabetic.cbx
File: alphabetic.cbx 2018/03/04 v3.11 biblatex citation style (PK/MW)
Package biblatex Info: Redefining '\cite'.
Package biblatex Info: Redefining '\parencite'.
Package biblatex Info: Redefining '\footcite'.
Package biblatex Info: Redefining '\footcitetext'.
Package biblatex Info: Redefining '\smartcite'.
Package biblatex Info: Redefining '\textcite'.
Package biblatex Info: Redefining '\textcites'.
Package biblatex Info: Redefining '\cites'.
Package biblatex Info: Redefining '\parencites'.
Package biblatex Info: Redefining '\smartcites'.
)
Package biblatex Info: Trying to load configuration file...
Package biblatex Info: ... file 'biblatex.cfg' found.

(D:\apps\latex01\texmfs\install\tex\latex\biblatex\biblatex.cfg
File: biblatex.cfg 
))
(D:\apps\latex01\texmfs\install\tex\latex\graphics\rotating.sty
Package: rotating 2016/08/11 v2.16d rotated objects in LaTeX

(D:\apps\latex01\texmfs\install\tex\latex\graphics\graphicx.sty
Package: graphicx 2017/06/01 v1.1a Enhanced LaTeX Graphics (DPC,SPQR)
\Gin@req@height=\dimen150
\Gin@req@width=\dimen151
)
\c@r@tfl@t=\count325
\rotFPtop=\skip94
\rotFPbot=\skip95
\rot@float@box=\box43
\rot@mess@toks=\toks40
)
(D:\apps\latex01\texmfs\install\tex\latex\algorithm2e\algorithm2e.sty
Package: algorithm2e 2017/07/18 v5.2 algorithms environments
\c@AlgoLine=\count326
\algocf@hangindent=\skip96

(D:\apps\latex01\texmfs\install\tex\latex\ifoddpage\ifoddpage.sty
Package: ifoddpage 2016/04/23 v1.1 Conditionals for odd/even page detection
\c@checkoddpage=\count327
)
(D:\apps\latex01\texmfs\install\tex\latex\tools\xspace.sty
Package: xspace 2014/10/28 v1.13 Space after command names (DPC,MH)
)
(D:\apps\latex01\texmfs\install\tex\latex\ltxmisc\relsize.sty
Package: relsize 2003/07/04 ver 3.1
)
\skiptotal=\skip97
\skiplinenumber=\skip98
\skiprule=\skip99
\skiphlne=\skip100
\skiptext=\skip101
\skiplength=\skip102
\algomargin=\skip103
\skipalgocfslide=\skip104
\algowidth=\dimen152
\inoutsize=\dimen153
\inoutindent=\dimen154
\interspacetitleruled=\dimen155
\interspacealgoruled=\dimen156
\interspacetitleboxruled=\dimen157
\algocf@ruledwidth=\skip105
\algocf@inoutbox=\box44
\algocf@inputbox=\box45
\AlCapSkip=\skip106
\AlCapHSkip=\skip107
\algoskipindent=\skip108
\algocf@nlbox=\box46
\algocf@hangingbox=\box47
\algocf@untilbox=\box48
\algocf@skipuntil=\skip109
\algocf@capbox=\box49
\algocf@lcaptionbox=\skip110
\algoheightruledefault=\skip111
\algoheightrule=\skip112
\algotitleheightruledefault=\skip113
\algotitleheightrule=\skip114
\c@algocfline=\count328
\c@algocfproc=\count329
\c@algocf=\count330
\algocf@algoframe=\box50
\algocf@algobox=\box51
)
(D:\apps\latex01\texmfs\install\tex\latex\oberdiek\pdflscape.sty
Package: pdflscape 2016/05/14 v0.11 Display of landscape pages in PDF (HO)
Package pdflscape Info: Auto-detected driver: pdftex on input line 81.
)
(D:\apps\latex01\texmfs\install\tex\latex\tools\afterpage.sty
Package: afterpage 2014/10/28 v1.08 After-Page Package (DPC)
\AP@output=\toks41
\AP@partial=\box52
\AP@footins=\box53
)
(D:\apps\latex01\texmfs\install\tex\latex\capt-of\capt-of.sty
Package: capt-of 2009/12/29 v0.2 standard captions outside of floats
)
(D:\apps\latex01\texmfs\install\tex\latex\xcolor\xcolor.sty
Package: xcolor 2016/05/11 v2.12 LaTeX color extensions (UK)

(D:\apps\latex01\texmfs\install\tex\latex\graphics-cfg\color.cfg
File: color.cfg 2016/01/02 v1.6 sample color configuration
)
Package xcolor Info: Driver file: pdftex.def on input line 225.
Package xcolor Info: Model `cmy' substituted by `cmy0' on input line 1348.
Package xcolor Info: Model `hsb' substituted by `rgb' on input line 1352.
Package xcolor Info: Model `RGB' extended on input line 1364.
Package xcolor Info: Model `HTML' substituted by `rgb' on input line 1366.
Package xcolor Info: Model `Hsb' substituted by `hsb' on input line 1367.
Package xcolor Info: Model `tHsb' substituted by `hsb' on input line 1368.
Package xcolor Info: Model `HSB' substituted by `hsb' on input line 1369.
Package xcolor Info: Model `Gray' substituted by `gray' on input line 1370.
Package xcolor Info: Model `wave' substituted by `hsb' on input line 1371.
)
(D:\apps\latex01\texmfs\install\tex\latex\fancyvrb\fancyvrb.sty
Package: fancyvrb 2008/02/07

Style option: `fancyvrb' v2.7a, with DG/SPQR fixes, and firstline=lastline fix 
<2008/02/07> (tvz)
\FV@CodeLineNo=\count331
\FV@InFile=\read2
\FV@TabBox=\box54
\c@FancyVerbLine=\count332
\FV@StepNumber=\count333
\FV@OutFile=\write7
)
(D:\apps\latex01\texmfs\install\tex\latex\hyperref\hyperref.sty
Package: hyperref 2018/02/06 v6.86b Hypertext links for LaTeX

(D:\apps\latex01\texmfs\install\tex\generic\oberdiek\hobsub-hyperref.sty
Package: hobsub-hyperref 2016/05/16 v1.14 Bundle oberdiek, subset hyperref (HO)


(D:\apps\latex01\texmfs\install\tex\generic\oberdiek\hobsub-generic.sty
Package: hobsub-generic 2016/05/16 v1.14 Bundle oberdiek, subset generic (HO)
Package: hobsub 2016/05/16 v1.14 Construct package bundles (HO)
Package hobsub Info: Skipping package `infwarerr' (already loaded).
Package hobsub Info: Skipping package `ltxcmds' (already loaded).
Package hobsub Info: Skipping package `ifluatex' (already loaded).
Package hobsub Info: Skipping package `ifvtex' (already loaded).
Package: intcalc 2016/05/16 v1.2 Expandable calculations with integers (HO)
Package hobsub Info: Skipping package `ifpdf' (already loaded).
Package hobsub Info: Skipping package `etexcmds' (already loaded).
Package hobsub Info: Skipping package `kvsetkeys' (already loaded).
Package: kvdefinekeys 2016/05/16 v1.4 Define keys (HO)
Package hobsub Info: Skipping package `pdftexcmds' (already loaded).
Package: pdfescape 2016/05/16 v1.14 Implements pdfTeX's escape features (HO)
Package: bigintcalc 2016/05/16 v1.4 Expandable calculations on big integers (HO
)
Package: bitset 2016/05/16 v1.2 Handle bit-vector datatype (HO)
Package: uniquecounter 2016/05/16 v1.3 Provide unlimited unique counter (HO)
)
Package hobsub Info: Skipping package `hobsub' (already loaded).
Package: letltxmacro 2016/05/16 v1.5 Let assignment for LaTeX macros (HO)
Package: hopatch 2016/05/16 v1.3 Wrapper for package hooks (HO)
Package: xcolor-patch 2016/05/16 xcolor patch
Package: atveryend 2016/05/16 v1.9 Hooks at the very end of document (HO)
Package atveryend Info: \a@enddocument detected (standard20110627).
Package: atbegshi 2016/06/09 v1.18 At begin shipout hook (HO)
Package: refcount 2016/05/16 v3.5 Data extraction from label references (HO)
Package: hycolor 2016/05/16 v1.8 Color options for hyperref/bookmark (HO)
)
(D:\apps\latex01\texmfs\install\tex\latex\oberdiek\auxhook.sty
Package: auxhook 2016/05/16 v1.4 Hooks for auxiliary files (HO)


Package auxhook Warning: Cannot patch \document,
(auxhook)                using \AtBeginDocument instead.

)
\@linkdim=\dimen158
\Hy@linkcounter=\count334
\Hy@pagecounter=\count335
 (D:\apps\latex01\texmfs\install\tex\latex\hyperref\pd1enc.def
File: pd1enc.def 2018/02/06 v6.86b Hyperref: PDFDocEncoding definition (HO)
Now handling font encoding PD1 ...
... no UTF-8 mapping file for font encoding PD1
)
\Hy@SavedSpaceFactor=\count336

(D:\apps\latex01\texmfs\install\tex\latex\00miktex\hyperref.cfg
File: hyperref.cfg 2002/06/06 v1.2 hyperref configuration of TeXLive
)
Package hyperref Info: Option `colorlinks' set `true' on input line 4383.
Package hyperref Info: Hyper figures OFF on input line 4509.
Package hyperref Info: Link nesting OFF on input line 4514.
Package hyperref Info: Hyper index ON on input line 4517.
Package hyperref Info: Plain pages OFF on input line 4524.
Package hyperref Info: Backreferencing OFF on input line 4529.
Package hyperref Info: Implicit mode ON; LaTeX internals redefined.
Package hyperref Info: Bookmarks ON on input line 4762.
\c@Hy@tempcnt=\count337
LaTeX Info: Redefining \url on input line 5115.
\XeTeXLinkMargin=\dimen159
\Fld@menulength=\count338
\Field@Width=\dimen160
\Fld@charsize=\dimen161
Package hyperref Info: Hyper figures OFF on input line 6369.
Package hyperref Info: Link nesting OFF on input line 6374.
Package hyperref Info: Hyper index ON on input line 6377.
Package hyperref Info: backreferencing OFF on input line 6384.
Package hyperref Info: Link coloring ON on input line 6387.
Package hyperref Info: Link coloring with OCG OFF on input line 6394.
Package hyperref Info: PDF/A mode OFF on input line 6399.
LaTeX Info: Redefining \ref on input line 6439.
LaTeX Info: Redefining \pageref on input line 6443.
\Hy@abspage=\count339
\c@Item=\count340
\c@Hfootnote=\count341
)
Package hyperref Info: Driver (autodetected): hpdftex.

(D:\apps\latex01\texmfs\install\tex\latex\hyperref\hpdftex.def
File: hpdftex.def 2018/02/06 v6.86b Hyperref driver for pdfTeX
\Fld@listcount=\count342
\c@bookmark@seq@number=\count343

(D:\apps\latex01\texmfs\install\tex\latex\oberdiek\rerunfilecheck.sty
Package: rerunfilecheck 2016/05/16 v1.8 Rerun checks for auxiliary files (HO)
Package uniquecounter Info: New unique counter `rerunfilecheck' on input line 2
82.
)
\Hy@SectionHShift=\skip115
)
(D:\apps\latex01\texmfs\install\tex\latex\setspace\setspace.sty
Package: setspace 2011/12/19 v6.7a set line spacing
)
(D:\apps\latex01\texmfs\install\tex\latex\amsfonts\amsfonts.sty
Package: amsfonts 2013/01/14 v3.01 Basic AMSFonts support
\@emptytoks=\toks42
\symAMSa=\mathgroup4
\symAMSb=\mathgroup5
LaTeX Font Info:    Overwriting math alphabet `\mathfrak' in version `bold'
(Font)                  U/euf/m/n --> U/euf/b/n on input line 106.
)
(D:\apps\latex01\texmfs\install\tex\latex\amsfonts\amssymb.sty
Package: amssymb 2013/01/14 v3.01 AMS font symbols
)
(D:\apps\latex01\texmfs\install\tex\latex\amsmath\amsmath.sty
Package: amsmath 2017/09/02 v2.17a AMS math features
\@mathmargin=\skip116

For additional information on amsmath, use the `?' option.
(D:\apps\latex01\texmfs\install\tex\latex\amsmath\amstext.sty
Package: amstext 2000/06/29 v2.01 AMS text

(D:\apps\latex01\texmfs\install\tex\latex\amsmath\amsgen.sty
File: amsgen.sty 1999/11/30 v2.0 generic functions
\@emptytoks=\toks43
\ex@=\dimen162
))
(D:\apps\latex01\texmfs\install\tex\latex\amsmath\amsbsy.sty
Package: amsbsy 1999/11/29 v1.2d Bold Symbols
\pmbraise@=\dimen163
)
(D:\apps\latex01\texmfs\install\tex\latex\amsmath\amsopn.sty
Package: amsopn 2016/03/08 v2.02 operator names
)
\inf@bad=\count344
LaTeX Info: Redefining \frac on input line 213.
\uproot@=\count345
\leftroot@=\count346
LaTeX Info: Redefining \overline on input line 375.
\classnum@=\count347
\DOTSCASE@=\count348
LaTeX Info: Redefining \ldots on input line 472.
LaTeX Info: Redefining \dots on input line 475.
LaTeX Info: Redefining \cdots on input line 596.
\Mathstrutbox@=\box55
\strutbox@=\box56
\big@size=\dimen164
LaTeX Font Info:    Redeclaring font encoding OML on input line 712.
LaTeX Font Info:    Redeclaring font encoding OMS on input line 713.
\macc@depth=\count349
\c@MaxMatrixCols=\count350
\dotsspace@=\muskip11
\c@parentequation=\count351
\dspbrk@lvl=\count352
\tag@help=\toks44
\row@=\count353
\column@=\count354
\maxfields@=\count355
\andhelp@=\toks45
\eqnshift@=\dimen165
\alignsep@=\dimen166
\tagshift@=\dimen167
\tagwidth@=\dimen168
\totwidth@=\dimen169
\lineht@=\dimen170
\@envbody=\toks46
\multlinegap=\skip117
\multlinetaggap=\skip118
\mathdisplay@stack=\toks47
LaTeX Info: Redefining \[ on input line 2817.
LaTeX Info: Redefining \] on input line 2818.
)
(D:\apps\latex01\texmfs\install\tex\latex\amscls\amsthm.sty
Package: amsthm 2017/10/31 v2.20.4
\thm@style=\toks48
\thm@bodyfont=\toks49
\thm@headfont=\toks50
\thm@notefont=\toks51
\thm@headpunct=\toks52
\thm@preskip=\skip119
\thm@postskip=\skip120
\thm@headsep=\skip121
\dth@everypar=\toks53
)
(D:\apps\latex01\texmfs\install\tex\latex\jknappen\mathrsfs.sty
Package: mathrsfs 1996/01/01 Math RSFS package v1.0 (jk)
\symrsfs=\mathgroup6
)

Package geometry Warning: Over-specification in `h'-direction.
    `width' (483.69684pt) is ignored.


Package geometry Warning: Over-specification in `v'-direction.
    `height' (731.23582pt) is ignored.

(D:\apps\latex01\texmfs\install\tex\latex\mdframed\mdframed.sty
Package: mdframed 2013/07/01 1.9b: mdframed

(D:\apps\latex01\texmfs\install\tex\latex\l3packages\xparse\xparse.sty
(D:\apps\latex01\texmfs\install\tex\latex\l3kernel\expl3.sty
Package: expl3 2018-06-14 L3 programming layer (loader) 

(D:\apps\latex01\texmfs\install\tex\latex\l3kernel\expl3-code.tex
Package: expl3 2018-06-14 L3 programming layer (code)
\c_max_int=\count356
\l_tmpa_int=\count357
\l_tmpb_int=\count358
\g_tmpa_int=\count359
\g_tmpb_int=\count360
\g__kernel_prg_map_int=\count361
\c_log_iow=\count362
\l_iow_line_count_int=\count363
\l__iow_line_target_int=\count364
\l__iow_one_indent_int=\count365
\l__iow_indent_int=\count366
\c_zero_dim=\dimen171
\c_max_dim=\dimen172
\l_tmpa_dim=\dimen173
\l_tmpb_dim=\dimen174
\g_tmpa_dim=\dimen175
\g_tmpb_dim=\dimen176
\c_zero_skip=\skip122
\c_max_skip=\skip123
\l_tmpa_skip=\skip124
\l_tmpb_skip=\skip125
\g_tmpa_skip=\skip126
\g_tmpb_skip=\skip127
\c_zero_muskip=\muskip12
\c_max_muskip=\muskip13
\l_tmpa_muskip=\muskip14
\l_tmpb_muskip=\muskip15
\g_tmpa_muskip=\muskip16
\g_tmpb_muskip=\muskip17
\l_keys_choice_int=\count367
\l__intarray_loop_int=\count368
\c__intarray_sp_dim=\dimen177
\g__intarray_font_int=\count369
\c__fp_leading_shift_int=\count370
\c__fp_middle_shift_int=\count371
\c__fp_trailing_shift_int=\count372
\c__fp_big_leading_shift_int=\count373
\c__fp_big_middle_shift_int=\count374
\c__fp_big_trailing_shift_int=\count375
\c__fp_Bigg_leading_shift_int=\count376
\c__fp_Bigg_middle_shift_int=\count377
\c__fp_Bigg_trailing_shift_int=\count378
\c__kernel_randint_max_int=\count379
\g__fp_array_int=\count380
\l__fp_array_loop_int=\count381
\l__sort_length_int=\count382
\l__sort_min_int=\count383
\l__sort_top_int=\count384
\l__sort_max_int=\count385
\l__sort_true_max_int=\count386
\l__sort_block_int=\count387
\l__sort_begin_int=\count388
\l__sort_end_int=\count389
\l__sort_A_int=\count390
\l__sort_B_int=\count391
\l__sort_C_int=\count392
\l__tl_analysis_normal_int=\count393
\l__tl_analysis_index_int=\count394
\l__tl_analysis_nesting_int=\count395
\l__tl_analysis_type_int=\count396
\l__regex_internal_a_int=\count397
\l__regex_internal_b_int=\count398
\l__regex_internal_c_int=\count399
\l__regex_balance_int=\count400
\l__regex_group_level_int=\count401
\l__regex_mode_int=\count402
\c__regex_cs_in_class_mode_int=\count403
\c__regex_cs_mode_int=\count404
\l__regex_catcodes_int=\count405
\l__regex_default_catcodes_int=\count406
\c__regex_catcode_D_int=\count407
\c__regex_catcode_S_int=\count408
\c__regex_catcode_L_int=\count409
\c__regex_catcode_O_int=\count410
\c__regex_catcode_A_int=\count411
\c__regex_all_catcodes_int=\count412
\l__regex_show_lines_int=\count413
\l__regex_min_state_int=\count414
\l__regex_max_state_int=\count415
\l__regex_left_state_int=\count416
\l__regex_right_state_int=\count417
\l__regex_capturing_group_int=\count418
\l__regex_min_pos_int=\count419
\l__regex_max_pos_int=\count420
\l__regex_curr_pos_int=\count421
\l__regex_start_pos_int=\count422
\l__regex_success_pos_int=\count423
\l__regex_curr_char_int=\count424
\l__regex_curr_catcode_int=\count425
\l__regex_last_char_int=\count426
\l__regex_case_changed_char_int=\count427
\l__regex_curr_state_int=\count428
\l__regex_step_int=\count429
\l__regex_min_active_int=\count430
\l__regex_max_active_int=\count431
\l__regex_replacement_csnames_int=\count432
\l__regex_match_count_int=\count433
\l__regex_min_submatch_int=\count434
\l__regex_submatch_int=\count435
\l__regex_zeroth_submatch_int=\count436
\g__regex_trace_regex_int=\count437
\c_empty_box=\box57
\l_tmpa_box=\box58
\l_tmpb_box=\box59
\g_tmpa_box=\box60
\g_tmpb_box=\box61
\l__box_top_dim=\dimen178
\l__box_bottom_dim=\dimen179
\l__box_left_dim=\dimen180
\l__box_right_dim=\dimen181
\l__box_top_new_dim=\dimen182
\l__box_bottom_new_dim=\dimen183
\l__box_left_new_dim=\dimen184
\l__box_right_new_dim=\dimen185
\l__box_internal_box=\box62
\l__coffin_internal_box=\box63
\l__coffin_internal_dim=\dimen186
\l__coffin_offset_x_dim=\dimen187
\l__coffin_offset_y_dim=\dimen188
\l__coffin_x_dim=\dimen189
\l__coffin_y_dim=\dimen190
\l__coffin_x_prime_dim=\dimen191
\l__coffin_y_prime_dim=\dimen192
\c_empty_coffin=\box64
\l__coffin_aligned_coffin=\box65
\l__coffin_aligned_internal_coffin=\box66
\l_tmpa_coffin=\box67
\l_tmpb_coffin=\box68
\l__coffin_display_coffin=\box69
\l__coffin_display_coord_coffin=\box70
\l__coffin_display_pole_coffin=\box71
\l__coffin_display_offset_dim=\dimen193
\l__coffin_display_x_dim=\dimen194
\l__coffin_display_y_dim=\dimen195
\g__file_internal_ior=\read3
\l__coffin_bounding_shift_dim=\dimen196
\l__coffin_left_corner_dim=\dimen197
\l__coffin_right_corner_dim=\dimen198
\l__coffin_bottom_corner_dim=\dimen199
\l__coffin_top_corner_dim=\dimen256
\l__coffin_scaled_total_height_dim=\dimen257
\l__coffin_scaled_width_dim=\dimen258
\l__seq_internal_a_int=\count438
\l__seq_internal_b_int=\count439
)
(D:\apps\latex01\texmfs\install\tex\latex\l3kernel\l3pdfmode.def
File: l3pdfmode.def 2018-06-14 v L3 Experimental driver: PDF mode
\l__driver_color_stack_int=\count440
))
Package: xparse 2018-05-12 L3 Experimental document command parser
\l__xparse_current_arg_int=\count441
\g__xparse_grabber_int=\count442
\l__xparse_m_args_int=\count443
\l__xparse_mandatory_args_int=\count444
\l__xparse_v_nesting_int=\count445
)
(D:\apps\latex01\texmfs\install\tex\latex\oberdiek\zref-abspage.sty
Package: zref-abspage 2016/05/21 v2.26 Module abspage for zref (HO)

(D:\apps\latex01\texmfs\install\tex\latex\oberdiek\zref-base.sty
Package: zref-base 2016/05/21 v2.26 Module base for zref (HO)
Package zref Info: New property list: main on input line 759.
Package zref Info: New property: default on input line 760.
Package zref Info: New property: page on input line 761.
)
\c@abspage=\count446
Package zref Info: New property: abspage on input line 62.
)
(D:\apps\latex01\texmfs\install\tex\latex\needspace\needspace.sty
Package: needspace 2010/09/12 v1.3d reserve vertical space
)
\mdf@templength=\skip128
\c@mdf@globalstyle@cnt=\count447
\mdf@skipabove@length=\skip129
\mdf@skipbelow@length=\skip130
\mdf@leftmargin@length=\skip131
\mdf@rightmargin@length=\skip132
\mdf@innerleftmargin@length=\skip133
\mdf@innerrightmargin@length=\skip134
\mdf@innertopmargin@length=\skip135
\mdf@innerbottommargin@length=\skip136
\mdf@splittopskip@length=\skip137
\mdf@splitbottomskip@length=\skip138
\mdf@outermargin@length=\skip139
\mdf@innermargin@length=\skip140
\mdf@linewidth@length=\skip141
\mdf@innerlinewidth@length=\skip142
\mdf@middlelinewidth@length=\skip143
\mdf@outerlinewidth@length=\skip144
\mdf@roundcorner@length=\skip145
\mdf@footenotedistance@length=\skip146
\mdf@userdefinedwidth@length=\skip147
\mdf@needspace@length=\skip148
\mdf@frametitleaboveskip@length=\skip149
\mdf@frametitlebelowskip@length=\skip150
\mdf@frametitlerulewidth@length=\skip151
\mdf@frametitleleftmargin@length=\skip152
\mdf@frametitlerightmargin@length=\skip153
\mdf@shadowsize@length=\skip154
\mdf@extratopheight@length=\skip155
\mdf@subtitleabovelinewidth@length=\skip156
\mdf@subtitlebelowlinewidth@length=\skip157
\mdf@subtitleaboveskip@length=\skip158
\mdf@subtitlebelowskip@length=\skip159
\mdf@subtitleinneraboveskip@length=\skip160
\mdf@subtitleinnerbelowskip@length=\skip161
\mdf@subsubtitleabovelinewidth@length=\skip162
\mdf@subsubtitlebelowlinewidth@length=\skip163
\mdf@subsubtitleaboveskip@length=\skip164
\mdf@subsubtitlebelowskip@length=\skip165
\mdf@subsubtitleinneraboveskip@length=\skip166
\mdf@subsubtitleinnerbelowskip@length=\skip167

(D:\apps\latex01\texmfs\install\tex\latex\pgf\frontendlayer\tikz.sty
(D:\apps\latex01\texmfs\install\tex\latex\pgf\basiclayer\pgf.sty
(D:\apps\latex01\texmfs\install\tex\latex\pgf\utilities\pgfrcs.sty
(D:\apps\latex01\texmfs\install\tex\generic\pgf\utilities\pgfutil-common.tex
\pgfutil@everybye=\toks54
\pgfutil@tempdima=\dimen259
\pgfutil@tempdimb=\dimen260

(D:\apps\latex01\texmfs\install\tex\generic\pgf\utilities\pgfutil-common-lists.
tex))
(D:\apps\latex01\texmfs\install\tex\generic\pgf\utilities\pgfutil-latex.def
\pgfutil@abb=\box72

(D:\apps\latex01\texmfs\install\tex\latex\ms\everyshi.sty
Package: everyshi 2001/05/15 v3.00 EveryShipout Package (MS)
))
(D:\apps\latex01\texmfs\install\tex\generic\pgf\utilities\pgfrcs.code.tex
Package: pgfrcs 2015/08/07 v3.0.1a (rcs-revision 1.31)
))
Package: pgf 2015/08/07 v3.0.1a (rcs-revision 1.15)

(D:\apps\latex01\texmfs\install\tex\latex\pgf\basiclayer\pgfcore.sty
(D:\apps\latex01\texmfs\install\tex\latex\pgf\systemlayer\pgfsys.sty
(D:\apps\latex01\texmfs\install\tex\generic\pgf\systemlayer\pgfsys.code.tex
Package: pgfsys 2014/07/09 v3.0.1a (rcs-revision 1.48)

(D:\apps\latex01\texmfs\install\tex\generic\pgf\utilities\pgfkeys.code.tex
\pgfkeys@pathtoks=\toks55
\pgfkeys@temptoks=\toks56

(D:\apps\latex01\texmfs\install\tex\generic\pgf\utilities\pgfkeysfiltered.code.
tex
\pgfkeys@tmptoks=\toks57
))
\pgf@x=\dimen261
\pgf@y=\dimen262
\pgf@xa=\dimen263
\pgf@ya=\dimen264
\pgf@xb=\dimen265
\pgf@yb=\dimen266
\pgf@xc=\dimen267
\pgf@yc=\dimen268
\w@pgf@writea=\write8
\r@pgf@reada=\read4
\c@pgf@counta=\count448
\c@pgf@countb=\count449
\c@pgf@countc=\count450
\c@pgf@countd=\count451
\t@pgf@toka=\toks58
\t@pgf@tokb=\toks59
\t@pgf@tokc=\toks60
 (D:\apps\latex01\texmfs\install\tex\generic\pgf\systemlayer\pgf.cfg
File: pgf.cfg 2008/05/14  (rcs-revision 1.7)
)
Driver file for pgf: pgfsys-pdftex.def

(D:\apps\latex01\texmfs\install\tex\generic\pgf\systemlayer\pgfsys-pdftex.def
File: pgfsys-pdftex.def 2014/10/11  (rcs-revision 1.35)

(D:\apps\latex01\texmfs\install\tex\generic\pgf\systemlayer\pgfsys-common-pdf.d
ef
File: pgfsys-common-pdf.def 2013/10/10  (rcs-revision 1.13)
)))
(D:\apps\latex01\texmfs\install\tex\generic\pgf\systemlayer\pgfsyssoftpath.code
.tex
File: pgfsyssoftpath.code.tex 2013/09/09  (rcs-revision 1.9)
\pgfsyssoftpath@smallbuffer@items=\count452
\pgfsyssoftpath@bigbuffer@items=\count453
)
(D:\apps\latex01\texmfs\install\tex\generic\pgf\systemlayer\pgfsysprotocol.code
.tex
File: pgfsysprotocol.code.tex 2006/10/16  (rcs-revision 1.4)
))
(D:\apps\latex01\texmfs\install\tex\generic\pgf\basiclayer\pgfcore.code.tex
Package: pgfcore 2010/04/11 v3.0.1a (rcs-revision 1.7)

(D:\apps\latex01\texmfs\install\tex\generic\pgf\math\pgfmath.code.tex
(D:\apps\latex01\texmfs\install\tex\generic\pgf\math\pgfmathcalc.code.tex
(D:\apps\latex01\texmfs\install\tex\generic\pgf\math\pgfmathutil.code.tex)
(D:\apps\latex01\texmfs\install\tex\generic\pgf\math\pgfmathparser.code.tex
\pgfmath@dimen=\dimen269
\pgfmath@count=\count454
\pgfmath@box=\box73
\pgfmath@toks=\toks61
\pgfmath@stack@operand=\toks62
\pgfmath@stack@operation=\toks63
)
(D:\apps\latex01\texmfs\install\tex\generic\pgf\math\pgfmathfunctions.code.tex
(D:\apps\latex01\texmfs\install\tex\generic\pgf\math\pgfmathfunctions.basic.cod
e.tex)
(D:\apps\latex01\texmfs\install\tex\generic\pgf\math\pgfmathfunctions.trigonome
tric.code.tex)
(D:\apps\latex01\texmfs\install\tex\generic\pgf\math\pgfmathfunctions.random.co
de.tex)
(D:\apps\latex01\texmfs\install\tex\generic\pgf\math\pgfmathfunctions.compariso
n.code.tex)
(D:\apps\latex01\texmfs\install\tex\generic\pgf\math\pgfmathfunctions.base.code
.tex)
(D:\apps\latex01\texmfs\install\tex\generic\pgf\math\pgfmathfunctions.round.cod
e.tex)
(D:\apps\latex01\texmfs\install\tex\generic\pgf\math\pgfmathfunctions.misc.code
.tex)
(D:\apps\latex01\texmfs\install\tex\generic\pgf\math\pgfmathfunctions.integerar
ithmetics.code.tex)))
(D:\apps\latex01\texmfs\install\tex\generic\pgf\math\pgfmathfloat.code.tex
\c@pgfmathroundto@lastzeros=\count455
))
(D:\apps\latex01\texmfs\install\tex\generic\pgf\basiclayer\pgfcorepoints.code.t
ex
File: pgfcorepoints.code.tex 2013/10/07  (rcs-revision 1.27)
\pgf@picminx=\dimen270
\pgf@picmaxx=\dimen271
\pgf@picminy=\dimen272
\pgf@picmaxy=\dimen273
\pgf@pathminx=\dimen274
\pgf@pathmaxx=\dimen275
\pgf@pathminy=\dimen276
\pgf@pathmaxy=\dimen277
\pgf@xx=\dimen278
\pgf@xy=\dimen279
\pgf@yx=\dimen280
\pgf@yy=\dimen281
\pgf@zx=\dimen282
\pgf@zy=\dimen283
)
(D:\apps\latex01\texmfs\install\tex\generic\pgf\basiclayer\pgfcorepathconstruct
.code.tex
File: pgfcorepathconstruct.code.tex 2013/10/07  (rcs-revision 1.29)
\pgf@path@lastx=\dimen284
\pgf@path@lasty=\dimen285
)
(D:\apps\latex01\texmfs\install\tex\generic\pgf\basiclayer\pgfcorepathusage.cod
e.tex
File: pgfcorepathusage.code.tex 2014/11/02  (rcs-revision 1.24)
\pgf@shorten@end@additional=\dimen286
\pgf@shorten@start@additional=\dimen287
)
(D:\apps\latex01\texmfs\install\tex\generic\pgf\basiclayer\pgfcorescopes.code.t
ex
File: pgfcorescopes.code.tex 2015/05/08  (rcs-revision 1.46)
\pgfpic=\box74
\pgf@hbox=\box75
\pgf@layerbox@main=\box76
\pgf@picture@serial@count=\count456
)
(D:\apps\latex01\texmfs\install\tex\generic\pgf\basiclayer\pgfcoregraphicstate.
code.tex
File: pgfcoregraphicstate.code.tex 2014/11/02  (rcs-revision 1.12)
\pgflinewidth=\dimen288
)
(D:\apps\latex01\texmfs\install\tex\generic\pgf\basiclayer\pgfcoretransformatio
ns.code.tex
File: pgfcoretransformations.code.tex 2015/08/07  (rcs-revision 1.20)
\pgf@pt@x=\dimen289
\pgf@pt@y=\dimen290
\pgf@pt@temp=\dimen291
)
(D:\apps\latex01\texmfs\install\tex\generic\pgf\basiclayer\pgfcorequick.code.te
x
File: pgfcorequick.code.tex 2008/10/09  (rcs-revision 1.3)
)
(D:\apps\latex01\texmfs\install\tex\generic\pgf\basiclayer\pgfcoreobjects.code.
tex
File: pgfcoreobjects.code.tex 2006/10/11  (rcs-revision 1.2)
)
(D:\apps\latex01\texmfs\install\tex\generic\pgf\basiclayer\pgfcorepathprocessin
g.code.tex
File: pgfcorepathprocessing.code.tex 2013/09/09  (rcs-revision 1.9)
)
(D:\apps\latex01\texmfs\install\tex\generic\pgf\basiclayer\pgfcorearrows.code.t
ex
File: pgfcorearrows.code.tex 2015/05/14  (rcs-revision 1.43)
\pgfarrowsep=\dimen292
)
(D:\apps\latex01\texmfs\install\tex\generic\pgf\basiclayer\pgfcoreshade.code.te
x
File: pgfcoreshade.code.tex 2013/07/15  (rcs-revision 1.15)
\pgf@max=\dimen293
\pgf@sys@shading@range@num=\count457
)
(D:\apps\latex01\texmfs\install\tex\generic\pgf\basiclayer\pgfcoreimage.code.te
x
File: pgfcoreimage.code.tex 2013/07/15  (rcs-revision 1.18)

(D:\apps\latex01\texmfs\install\tex\generic\pgf\basiclayer\pgfcoreexternal.code
.tex
File: pgfcoreexternal.code.tex 2014/07/09  (rcs-revision 1.21)
\pgfexternal@startupbox=\box77
))
(D:\apps\latex01\texmfs\install\tex\generic\pgf\basiclayer\pgfcorelayers.code.t
ex
File: pgfcorelayers.code.tex 2013/07/18  (rcs-revision 1.7)
)
(D:\apps\latex01\texmfs\install\tex\generic\pgf\basiclayer\pgfcoretransparency.
code.tex
File: pgfcoretransparency.code.tex 2013/09/30  (rcs-revision 1.5)
)
(D:\apps\latex01\texmfs\install\tex\generic\pgf\basiclayer\pgfcorepatterns.code
.tex
File: pgfcorepatterns.code.tex 2013/11/07  (rcs-revision 1.5)
)))
(D:\apps\latex01\texmfs\install\tex\generic\pgf\modules\pgfmoduleshapes.code.te
x
File: pgfmoduleshapes.code.tex 2014/03/21  (rcs-revision 1.35)
\pgfnodeparttextbox=\box78
)
(D:\apps\latex01\texmfs\install\tex\generic\pgf\modules\pgfmoduleplot.code.tex
File: pgfmoduleplot.code.tex 2015/08/03  (rcs-revision 1.13)
)
(D:\apps\latex01\texmfs\install\tex\latex\pgf\compatibility\pgfcomp-version-0-6
5.sty
Package: pgfcomp-version-0-65 2007/07/03 v3.0.1a (rcs-revision 1.7)
\pgf@nodesepstart=\dimen294
\pgf@nodesepend=\dimen295
)
(D:\apps\latex01\texmfs\install\tex\latex\pgf\compatibility\pgfcomp-version-1-1
8.sty
Package: pgfcomp-version-1-18 2007/07/23 v3.0.1a (rcs-revision 1.1)
)) (D:\apps\latex01\texmfs\install\tex\latex\pgf\utilities\pgffor.sty
(D:\apps\latex01\texmfs\install\tex\latex\pgf\utilities\pgfkeys.sty
(D:\apps\latex01\texmfs\install\tex\generic\pgf\utilities\pgfkeys.code.tex))
(D:\apps\latex01\texmfs\install\tex\latex\pgf\math\pgfmath.sty
(D:\apps\latex01\texmfs\install\tex\generic\pgf\math\pgfmath.code.tex))
(D:\apps\latex01\texmfs\install\tex\generic\pgf\utilities\pgffor.code.tex
Package: pgffor 2013/12/13 v3.0.1a (rcs-revision 1.25)

(D:\apps\latex01\texmfs\install\tex\generic\pgf\math\pgfmath.code.tex)
\pgffor@iter=\dimen296
\pgffor@skip=\dimen297
\pgffor@stack=\toks64
\pgffor@toks=\toks65
))
(D:\apps\latex01\texmfs\install\tex\generic\pgf\frontendlayer\tikz\tikz.code.te
x
Package: tikz 2015/08/07 v3.0.1a (rcs-revision 1.151)

(D:\apps\latex01\texmfs\install\tex\generic\pgf\libraries\pgflibraryplothandler
s.code.tex
File: pgflibraryplothandlers.code.tex 2013/08/31 v3.0.1a (rcs-revision 1.20)
\pgf@plot@mark@count=\count458
\pgfplotmarksize=\dimen298
)
\tikz@lastx=\dimen299
\tikz@lasty=\dimen300
\tikz@lastxsaved=\dimen301
\tikz@lastysaved=\dimen302
\tikzleveldistance=\dimen303
\tikzsiblingdistance=\dimen304
\tikz@figbox=\box79
\tikz@figbox@bg=\box80
\tikz@tempbox=\box81
\tikz@tempbox@bg=\box82
\tikztreelevel=\count459
\tikznumberofchildren=\count460
\tikznumberofcurrentchild=\count461
\tikz@fig@count=\count462

(D:\apps\latex01\texmfs\install\tex\generic\pgf\modules\pgfmodulematrix.code.te
x
File: pgfmodulematrix.code.tex 2013/09/17  (rcs-revision 1.8)
\pgfmatrixcurrentrow=\count463
\pgfmatrixcurrentcolumn=\count464
\pgf@matrix@numberofcolumns=\count465
)
\tikz@expandcount=\count466

(D:\apps\latex01\texmfs\install\tex\generic\pgf\frontendlayer\tikz\libraries\ti
kzlibrarytopaths.code.tex
File: tikzlibrarytopaths.code.tex 2008/06/17 v3.0.1a (rcs-revision 1.2)
)))
(D:\apps\latex01\texmfs\install\tex\latex\mdframed\md-frame-1.mdf
File: md-frame-1.mdf 2013/07/01\ 1.9b: md-frame-1
)
\mdf@frametitlebox=\box83
\mdf@footnotebox=\box84
\mdf@splitbox@one=\box85
\mdf@splitbox@two=\box86
\mdf@splitbox@save=\box87
\mdfsplitboxwidth=\skip168
\mdfsplitboxtotalwidth=\skip169
\mdfsplitboxheight=\skip170
\mdfsplitboxdepth=\skip171
\mdfsplitboxtotalheight=\skip172
\mdfframetitleboxwidth=\skip173
\mdfframetitleboxtotalwidth=\skip174
\mdfframetitleboxheight=\skip175
\mdfframetitleboxdepth=\skip176
\mdfframetitleboxtotalheight=\skip177
\mdffootnoteboxwidth=\skip178
\mdffootnoteboxtotalwidth=\skip179
\mdffootnoteboxheight=\skip180
\mdffootnoteboxdepth=\skip181
\mdffootnoteboxtotalheight=\skip182
\mdftotallinewidth=\skip183
\mdfboundingboxwidth=\skip184
\mdfboundingboxtotalwidth=\skip185
\mdfboundingboxheight=\skip186
\mdfboundingboxdepth=\skip187
\mdfboundingboxtotalheight=\skip188
\mdf@freevspace@length=\skip189
\mdf@horizontalwidthofbox@length=\skip190
\mdf@verticalmarginwhole@length=\skip191
\mdf@horizontalspaceofbox=\skip192
\mdfsubtitleheight=\skip193
\mdfsubsubtitleheight=\skip194
\c@mdfcountframes=\count467

****** mdframed patching \endmdf@trivlist

****** -- success******

.................................................
. LaTeX info: "xparse/define-command"
. 
. Defining command \newmdtheoremenv with sig. 'O{} m o m o ' on line 601.
.................................................
.................................................
. LaTeX info: "xparse/define-command"
. 
. Defining command \mdtheorem with sig. ' O{} m o m o ' on line 701.
.................................................
\mdf@envdepth=\count468
\c@mdf@env@i=\count469
\c@mdf@env@ii=\count470
\c@mdf@zref@counter=\count471
Package zref Info: New property: mdf@pagevalue on input line 895.
)
(D:\apps\latex01\texmfs\install\tex\latex\tools\calc.sty
Package: calc 2014/10/28 v4.3 Infix arithmetic (KKT,FJ)
\calc@Acount=\count472
\calc@Bcount=\count473
\calc@Adimen=\dimen305
\calc@Bdimen=\dimen306
\calc@Askip=\skip195
\calc@Bskip=\skip196
LaTeX Info: Redefining \setlength on input line 80.
LaTeX Info: Redefining \addtolength on input line 81.
\calc@Ccount=\count474
\calc@Cskip=\skip197
)
\c@dfinition=\count475
Package biblatex Info: Trying to load language 'french'...
Package biblatex Info: ... file 'french.lbx' found.

(D:\apps\latex01\texmfs\install\tex\latex\biblatex\lbx\french.lbx
File: french.lbx 2018/03/04 v3.11 biblatex localization (PK/MW)
)
Package biblatex Info: Trying to load language 'english'...
Package biblatex Info: ... file 'english.lbx' found.

(D:\apps\latex01\texmfs\install\tex\latex\biblatex\lbx\english.lbx
File: english.lbx 2018/03/04 v3.11 biblatex localization (PK/MW)
)

Package biblatex Warning: 'babel/polyglossia' detected but 'csquotes' missing.
(biblatex)                Loading 'csquotes' recommended.

\@quotelevel=\count476
\@quotereset=\count477
No file 00_Document.aux.
\openout1 = `00_Document.aux'.

LaTeX Font Info:    Checking defaults for OML/cmm/m/it on input line 64.
LaTeX Font Info:    ... okay on input line 64.
LaTeX Font Info:    Checking defaults for T1/cmr/m/n on input line 64.
LaTeX Font Info:    ... okay on input line 64.
LaTeX Font Info:    Checking defaults for OT1/cmr/m/n on input line 64.
LaTeX Font Info:    ... okay on input line 64.
LaTeX Font Info:    Checking defaults for OMS/cmsy/m/n on input line 64.
LaTeX Font Info:    ... okay on input line 64.
LaTeX Font Info:    Checking defaults for OMX/cmex/m/n on input line 64.
LaTeX Font Info:    ... okay on input line 64.
LaTeX Font Info:    Checking defaults for U/cmr/m/n on input line 64.
LaTeX Font Info:    ... okay on input line 64.
LaTeX Font Info:    Checking defaults for LAE/cmr/m/n on input line 64.
LaTeX Font Info:    ... okay on input line 64.
LaTeX Font Info:    Checking defaults for PD1/pdf/m/n on input line 64.
LaTeX Font Info:    ... okay on input line 64.
ArabTeX is aleready loaded,  No support is provided
with ArabTeX 7 bit input encoding
LaTeX Info: Redefining \degres on input line 64.


Package french.ldf Warning: Figures' and tables' captions might look like
(french.ldf)                `Figure 1:' in French instead of `Figure 1 :'.
(french.ldf)                If it happens, see your class documentation to
(french.ldf)                fix this issue or add AFTER babel/french
(french.ldf)                \usepackage[labelsep=period]{caption} or
(french.ldf)                \usepackage[labelsep=endash]{caption} or
(french.ldf)                or ... live with it; reported on input line 64.

LaTeX Info: Redefining \dots on input line 64.
LaTeX Info: Redefining \up on input line 64.
ABD: EverySelectfont initializing macros
LaTeX Info: Redefining \selectfont on input line 64.

(D:\apps\latex01\texmfs\install\tex\context\base\supp-pdf.mkii
[Loading MPS to PDF converter (version 2006.09.02).]
\scratchcounter=\count478
\scratchdimen=\dimen307
\scratchbox=\box88
\nofMPsegments=\count479
\nofMParguments=\count480
\everyMPshowfont=\toks66
\MPscratchCnt=\count481
\MPscratchDim=\dimen308
\MPnumerator=\count482
\makeMPintoPDFobject=\count483
\everyMPtoPDFconversion=\toks67
) (D:\apps\latex01\texmfs\install\tex\latex\oberdiek\epstopdf-base.sty
Package: epstopdf-base 2016/05/15 v2.6 Base part for package epstopdf

(D:\apps\latex01\texmfs\install\tex\latex\oberdiek\grfext.sty
Package: grfext 2016/05/16 v1.2 Manage graphics extensions (HO)
)
Package epstopdf-base Info: Redefining graphics rule for `.eps' on input line 4
38.
Package grfext Info: Graphics extension search list:
(grfext)             [.pdf,.png,.jpg,.mps,.jpeg,.jbig2,.jb2,.PDF,.PNG,.JPG,.JPE
G,.JBIG2,.JB2,.eps]
(grfext)             \AppendGraphicsExtensions on input line 456.
)
*geometry* driver: auto-detecting
*geometry* detected driver: pdftex
*geometry* verbose mode - [ preamble ] result:
* driver: pdftex
* paper: a4paper
* layout: <same size as paper>
* layoutoffset:(h,v)=(0.0pt,0.0pt)
* modes: 
* h-part:(L,W,R)=(71.13188pt, 454.106pt, 72.26999pt)
* v-part:(T,H,B)=(71.13188pt, 701.64497pt, 72.26999pt)
* \paperwidth=597.50787pt
* \paperheight=845.04684pt
* \textwidth=454.106pt
* \textheight=701.64497pt
* \oddsidemargin=-1.1381pt
* \evensidemargin=-1.1381pt
* \topmargin=-38.1381pt
* \headheight=12.0pt
* \headsep=25.0pt
* \topskip=12.0pt
* \footskip=30.0pt
* \marginparwidth=35.0pt
* \marginparsep=10.0pt
* \columnsep=10.0pt
* \skip\footins=10.8pt plus 4.0pt minus 2.0pt
* \hoffset=0.0pt
* \voffset=0.0pt
* \mag=1000
* \@twocolumnfalse
* \@twosidefalse
* \@mparswitchfalse
* \@reversemarginfalse
* (1in=72.27pt=25.4mm, 1cm=28.453pt)

Package biblatex Info: Input encoding 'utf8' detected.
Package biblatex Info: Automatic encoding selection.
(biblatex)             Assuming data encoding 'utf8'.
Package biblatex Info: Input encoding 'utf8' specified.
Package biblatex Info: Data encoding 'utf8' specified.
(biblatex)             No need to reencode data.
\openout6 = `00_Document-blx.bib'.

Package biblatex Info: Trying to load bibliographic data...
Package biblatex Info: ... file '00_Document.bbl' not found.
No file 00_Document.bbl.
Package biblatex Info: Reference section=0 on input line 64.
Package biblatex Info: Reference segment=0 on input line 64.
\AtBeginShipoutBox=\box89
Package hyperref Info: Link coloring ON on input line 64.
(D:\apps\latex01\texmfs\install\tex\latex\hyperref\nameref.sty
Package: nameref 2016/05/21 v2.44 Cross-referencing by name of section

(D:\apps\latex01\texmfs\install\tex\generic\oberdiek\gettitlestring.sty
Package: gettitlestring 2016/05/16 v1.5 Cleanup title references (HO)
)
\c@section@level=\count484
)
LaTeX Info: Redefining \ref on input line 64.
LaTeX Info: Redefining \pageref on input line 64.
LaTeX Info: Redefining \nameref on input line 64.
\@outlinefile=\write9
\openout9 = `00_Document.out'.


ABD: EveryShipout initializing macros
(D:\apps\latex01\texmfs\install\tex\latex\arabtex\apatch.sty
\a@lines=\count485
\a@Lwidth=\dimen309
\a@displaywidth=\dimen310

(D:\apps\latex01\texmfs\install\tex\latex\arabtex\alocal.sty
(ArabTeX) 3.11 local stub, 26.02.2006)
(ArabTeX) version 3.11s (02.07.2006): second phase of patching)
("E:/Google Drive/myPhd/TheseDoc/src\00_Page_de_garde.tex"
<data/uoran001.png, id=6, 495.35063pt x 118.94438pt>
File: data/uoran001.png Graphic file (type png)
<use data/uoran001.png>
Package pdftex.def Info: data/uoran001.png  used on input line 4.
(pdftex.def)             Requested size: 445.81145pt x 107.04893pt.
LaTeX Font Info:    Try loading font information for U+msa on input line 29.

(D:\apps\latex01\texmfs\install\tex\latex\amsfonts\umsa.fd
File: umsa.fd 2013/01/14 v3.01 AMS symbols A
)
LaTeX Font Info:    Try loading font information for U+msb on input line 29.

(D:\apps\latex01\texmfs\install\tex\latex\amsfonts\umsb.fd
File: umsb.fd 2013/01/14 v3.01 AMS symbols B
)
LaTeX Font Info:    Try loading font information for U+rsfs on input line 29.

(D:\apps\latex01\texmfs\install\tex\latex\jknappen\ursfs.fd
File: ursfs.fd 1998/03/24 rsfs font definition file (jk)
))
("E:/Google Drive/myPhd/TheseDoc/src\01_Banner.tex"
Overfull \hbox (57.91661pt too wide) in paragraph at lines 29--2
[][]
 []


Underfull \hbox (badness 10000) in paragraph at lines 29--2

 []

[1

{D:/apps/latex01/texmfs/data/pdftex/config/pdftex.map} <E:/Google Drive/myPhd/T
heseDoc/src/data/uoran001.png>]
Package biblatex Info: Trying to load language 'arabic'...
Package biblatex Info: ... file 'arabic.lbx' not found.


Package biblatex Warning: Language 'arabic' not supported.
(biblatex)                Using fallback language 'french' on input line 7.

LaTeX Font Info:    Font shape `LAE/cmr/m/n' will be
(Font)              scaled to size 15.0pt on input line 7.
LaTeX Font Info:    Font shape `LAE/cmr/m/n' will be
(Font)              scaled to size 21.59999pt on input line 11.
LaTeX Font Info:    Font shape `LAE/cmr/bx/n' in size <17.28> not available
(Font)              Font shape `LAE/cmr/b/n' tried instead on input line 11.
LaTeX Font Info:    Font shape `LAE/cmr/b/n' will be
(Font)              scaled to size 21.59999pt on input line 11.
<data/bismi001.jpg, id=17, 569.12625pt x 147.55125pt>
File: data/bismi001.jpg Graphic file (type jpg)
<use data/bismi001.jpg>
Package pdftex.def Info: data/bismi001.jpg  used on input line 13.
(pdftex.def)             Requested size: 170.73918pt x 44.2657pt.
LaTeX Font Info:    Font shape `LAE/cmr/m/n' will be
(Font)              scaled to size 17.99998pt on input line 14.
) ("E:/Google Drive/myPhd/TheseDoc/src\01_Dedicace.tex" [2

pdfTeX warning: pdflatex: \pdfrestore: missing \pdfsave

!pdfTeX error: pdflatex: 1 unmatched \pdfsave after page shipout
 ==> Fatal error occurred, no output PDF file produced!
